This is TeX, C Version 3.14t3 (format=plain 92.3.6)  2 JUN 1993 20:49
**\input plain.tex
(/usr/contrib/tex/libdir/inputs/plain.tex Preloading the plain format: codes,
registers,
\maxdimen=\dimen10
\hideskip=\skip10
\centering=\skip11
\p@=\dimen11
\z@=\dimen12
\z@skip=\skip12
\voidb@x=\box10
 parameters,
\smallskipamount=\skip13
\medskipamount=\skip14
\bigskipamount=\skip15
\normalbaselineskip=\skip16
\normallineskip=\skip17
\normallineskiplimit=\dimen13
\jot=\dimen14
\interdisplaylinepenalty=\count23
\interfootnotelinepenalty=\count24
 fonts, more fonts,
\itfam=\fam4
\slfam=\fam5
\bffam=\fam6
\ttfam=\fam7
 macros,
\strutbox=\box11
\mscount=\count25
\tabs=\box12
\tabsyet=\box13
\tabsdone=\box14
 math definitions,
\rootbox=\box15
\p@renwd=\dimen15

output routines,
\headline=\toks10
\footline=\toks11
\footins=\insert254
\topins=\insert253
 hyphenation (/usr/contrib/tex/libdir/inputs/hyphen.tex
! Patterns can be loaded only by INITEX.
l.2 \patterns
             { % just type <return> if you're not using INITEX
? 
))
*
(Please type a command or say `\end')
*\input plain.tex
(/usr/contrib/tex/libdir/inputs/plain.tex Preloading the plain format: codes,
registers,
\maxdimen=\dimen10
\hideskip=\skip10
\centering=\skip11
\p@=\dimen11
\z@=\dimen12
\z@skip=\skip12
\voidb@x=\box10
 parameters,
\smallskipamount=\skip13
\medskipamount=\skip14
\bigskipamount=\skip15
\normalbaselineskip=\skip16
\normallineskip=\skip17
\normallineskiplimit=\dimen13
\jot=\dimen14
\interdisplaylinepenalty=\count23
\interfootnotelinepenalty=\count24
 fonts, more fonts,
\itfam=\fam4
\slfam=\fam5
\bffam=\fam6
\ttfam=\fam7
 macros,
\strutbox=\box11
\mscount=\count25
\tabs=\box12
\tabsyet=\box13
\tabsdone=\box14
 math definitions,
\rootbox=\box15
\p@renwd=\dimen15

output routines,
\headline=\toks10
\footline=\toks11
\footins=\insert254
\topins=\insert253
 hyphenation (/usr/contrib/tex/libdir/inputs/hyphen.tex
! Patterns can be loaded only by INITEX.
l.2 \patterns
             { % just type <return> if you're not using INITEX
? 
))
*
(Please type a command or say `\end')
*
! Emergency stop.
<*> 
    
End of file on the terminal!

No pages of output.
